Using pre-set license
Built from '2020.3/staging' branch; Version is '2020.3.30f1 (1fb1bf06830e) revision 2077119'; Using compiler version '192528614'; Build Type 'Release'
OS: 'Windows 11  (10.0.22000) 64bit Professional' Language: 'es' Physical Memory: 16297 MB
BatchMode: 1, IsHumanControllingUs: 0, StartBugReporterOnCrash: 0, Is64bit: 1, IsPro: 0

COMMAND LINE ARGUMENTS:
C:\Program Files\Unity\Hub\Editor\2020.3.30f1\Editor\Unity.exe
-adb2
-batchMode
-noUpm
-name
AssetImportWorker0
-projectPath
D:/Proyectos Unity/PompinPFC/Pompin-Game/JuegoPFC
-logFile
Logs/AssetImportWorker0.log
-srvPort
50014
Successfully changed project path to: D:/Proyectos Unity/PompinPFC/Pompin-Game/JuegoPFC
D:/Proyectos Unity/PompinPFC/Pompin-Game/JuegoPFC
Using Asset Import Pipeline V2.
Refreshing native plugins compatible for Editor in 67.39 ms, found 3 plugins.
Preloading 0 native plugins for Editor in 0.00 ms.
Initialize engine version: 2020.3.30f1 (1fb1bf06830e)
[Subsystems] Discovering subsystems at path C:/Program Files/Unity/Hub/Editor/2020.3.30f1/Editor/Data/Resources/UnitySubsystems
[Subsystems] Discovering subsystems at path D:/Proyectos Unity/PompinPFC/Pompin-Game/JuegoPFC/Assets
GfxDevice: creating device client; threaded=0
Direct3D:
    Version:  Direct3D 11.0 [level 11.1]
    Renderer: Radeon RX 580 Series (ID=0x67df)
    Vendor:   
    VRAM:     8171 MB
    Driver:   30.0.13023.4001
Initialize mono
Mono path[0] = 'C:/Program Files/Unity/Hub/Editor/2020.3.30f1/Editor/Data/Managed'
Mono path[1] = 'C:/Program Files/Unity/Hub/Editor/2020.3.30f1/Editor/Data/MonoBleedingEdge/lib/mono/unityjit'
Mono config path = 'C:/Program Files/Unity/Hub/Editor/2020.3.30f1/Editor/Data/MonoBleedingEdge/etc'
Using monoOptions --debugger-agent=transport=dt_socket,embedding=1,server=y,suspend=n,address=127.0.0.1:56468
Begin MonoManager ReloadAssembly
Registering precompiled unity dll's ...
Register platform support module: C:/Program Files/Unity/Hub/Editor/2020.3.30f1/Editor/Data/PlaybackEngines/WindowsStandaloneSupport/UnityEditor.WindowsStandalone.Extensions.dll
Registered in 0.001334 seconds.
Native extension for WindowsStandalone target not found
Refreshing native plugins compatible for Editor in 66.03 ms, found 3 plugins.
Preloading 0 native plugins for Editor in 0.00 ms.
Mono: successfully reloaded assembly
- Completed reload, in  0.513 seconds
Domain Reload Profiling:
	ReloadAssembly (513ms)
		BeginReloadAssembly (48ms)
			ExecutionOrderSort (0ms)
			DisableScriptedObjects (0ms)
			BackupInstance (0ms)
			ReleaseScriptingObjects (0ms)
			CreateAndSetChildDomain (1ms)
		EndReloadAssembly (403ms)
			LoadAssemblies (46ms)
			RebuildTransferFunctionScriptingTraits (0ms)
			SetupTypeCache (123ms)
			ReleaseScriptCaches (0ms)
			RebuildScriptCaches (23ms)
			SetupLoadedEditorAssemblies (173ms)
				LogAssemblyErrors (0ms)
				InitializePlatformSupportModulesInManaged (3ms)
				SetLoadedEditorAssemblies (0ms)
				RefreshPlugins (66ms)
				BeforeProcessingInitializeOnLoad (11ms)
				ProcessInitializeOnLoadAttributes (67ms)
				ProcessInitializeOnLoadMethodAttributes (25ms)
				AfterProcessingInitializeOnLoad (0ms)
				EditorAssembliesLoaded (0ms)
			ExecutionOrderSort2 (0ms)
			AwakeInstancesAfterBackupRestoration (0ms)
Platform modules already initialized, skipping
Registering precompiled user dll's ...
Registered in 0.009709 seconds.
Begin MonoManager ReloadAssembly
Native extension for WindowsStandalone target not found
Refreshing native plugins compatible for Editor in 68.94 ms, found 3 plugins.
Preloading 0 native plugins for Editor in 0.00 ms.
Mono: successfully reloaded assembly
- Completed reload, in  1.072 seconds
Domain Reload Profiling:
	ReloadAssembly (1073ms)
		BeginReloadAssembly (121ms)
			ExecutionOrderSort (0ms)
			DisableScriptedObjects (4ms)
			BackupInstance (0ms)
			ReleaseScriptingObjects (0ms)
			CreateAndSetChildDomain (17ms)
		EndReloadAssembly (896ms)
			LoadAssemblies (92ms)
			RebuildTransferFunctionScriptingTraits (0ms)
			SetupTypeCache (283ms)
			ReleaseScriptCaches (1ms)
			RebuildScriptCaches (49ms)
			SetupLoadedEditorAssemblies (366ms)
				LogAssemblyErrors (0ms)
				InitializePlatformSupportModulesInManaged (3ms)
				SetLoadedEditorAssemblies (0ms)
				RefreshPlugins (69ms)
				BeforeProcessingInitializeOnLoad (100ms)
				ProcessInitializeOnLoadAttributes (176ms)
				ProcessInitializeOnLoadMethodAttributes (14ms)
				AfterProcessingInitializeOnLoad (4ms)
				EditorAssembliesLoaded (0ms)
			ExecutionOrderSort2 (0ms)
			AwakeInstancesAfterBackupRestoration (5ms)
Platform modules already initialized, skipping
========================================================================
Worker process is ready to serve import requests
Launched and connected shader compiler UnityShaderCompiler.exe after 0.04 seconds
Refreshing native plugins compatible for Editor in 0.79 ms, found 3 plugins.
Preloading 0 native plugins for Editor in 0.00 ms.
Unloading 3596 Unused Serialized files (Serialized files now loaded: 0)
System memory in use before: 154.1 MB.
System memory in use after: 154.2 MB.

Unloading 32 unused Assets to reduce memory usage. Loaded Objects now: 4028.
Total: 3.640400 ms (FindLiveObjects: 0.288200 ms CreateObjectMapping: 0.090300 ms MarkObjects: 3.125300 ms  DeleteObjects: 0.135600 ms)

AssetImportParameters requested are different than current active one (requested -> active):
  custom:framework-win-MediaFoundation: 216162199b28c13a410421893ffa2e32 -> 
  custom:video-decoder-ogg-theora: a1e56fd34408186e4bbccfd4996cb3dc -> 
  custom:container-muxer-webm: aa71ff27fc2769a1b78a27578f13a17b -> 
  custom:container-demuxer-webm: 4f35f7cbe854078d1ac9338744f61a02 -> 
  custom:container-demuxer-ogg: 62fdf1f143b41e24485cea50d1cbac27 -> 
  custom:video-encoder-webm-vp8: eb34c28f22e8b96e1ab97ce403110664 -> 
  custom:video-decoder-webm-vp8: 9c59270c3fd7afecdb556c50c9e8de78 -> 
  custom:audio-decoder-ogg-vorbis: bf7c407c2cedff20999df2af8eb42d56 -> 
  custom:audio-encoder-webm-vorbis: bf7c407c2cedff20999df2af8eb42d56 -> 
========================================================================
Received Import Request.
  path: Assets/Scripts/SoundManager.cs
  artifactKey: Guid(f151a34b924c36543b8768ccbe504c31) Importer(815301076,1909f56bfc062723c751e8b465ee728b)
Start importing Assets/Scripts/SoundManager.cs using Guid(f151a34b924c36543b8768ccbe504c31) Importer(815301076,1909f56bfc062723c751e8b465ee728b)  -> (artifact id: '2127b7071fc5925509f9e5a26c89e3bf') in 0.022567 seconds 
========================================================================
Received Import Request.
  Time since last request: 0.000236 seconds.
  path: Assets/Scripts
  artifactKey: Guid(ae436f893bc795440a6a016633a7c024) Importer(815301076,1909f56bfc062723c751e8b465ee728b)
Start importing Assets/Scripts using Guid(ae436f893bc795440a6a016633a7c024) Importer(815301076,1909f56bfc062723c751e8b465ee728b)  -> (artifact id: '19aa2db0f16bd96aefcc8134fe98e076') in 0.009669 seconds 
========================================================================
Received Import Request.
  Time since last request: 31.966866 seconds.
  path: Assets/Scenes/Options.unity
  artifactKey: Guid(7e418f5e4ab83154a9798261ed6f3bfd) Importer(815301076,1909f56bfc062723c751e8b465ee728b)
Start importing Assets/Scenes/Options.unity using Guid(7e418f5e4ab83154a9798261ed6f3bfd) Importer(815301076,1909f56bfc062723c751e8b465ee728b)  -> (artifact id: 'f4a97a474b490c815b8923bf5ef34c4c') in 0.013939 seconds 
========================================================================
Received Prepare
Registering precompiled user dll's ...
Registered in 0.004673 seconds.
Begin MonoManager ReloadAssembly
Native extension for WindowsStandalone target not found
Refreshing native plugins compatible for Editor in 0.75 ms, found 3 plugins.
Preloading 0 native plugins for Editor in 0.00 ms.
Mono: successfully reloaded assembly
- Completed reload, in  0.937 seconds
Domain Reload Profiling:
	ReloadAssembly (938ms)
		BeginReloadAssembly (100ms)
			ExecutionOrderSort (0ms)
			DisableScriptedObjects (5ms)
			BackupInstance (0ms)
			ReleaseScriptingObjects (0ms)
			CreateAndSetChildDomain (32ms)
		EndReloadAssembly (783ms)
			LoadAssemblies (89ms)
			RebuildTransferFunctionScriptingTraits (0ms)
			SetupTypeCache (268ms)
			ReleaseScriptCaches (1ms)
			RebuildScriptCaches (41ms)
			SetupLoadedEditorAssemblies (284ms)
				LogAssemblyErrors (0ms)
				InitializePlatformSupportModulesInManaged (3ms)
				SetLoadedEditorAssemblies (0ms)
				RefreshPlugins (1ms)
				BeforeProcessingInitializeOnLoad (104ms)
				ProcessInitializeOnLoadAttributes (162ms)
				ProcessInitializeOnLoadMethodAttributes (9ms)
				AfterProcessingInitializeOnLoad (4ms)
				EditorAssembliesLoaded (0ms)
			ExecutionOrderSort2 (0ms)
			AwakeInstancesAfterBackupRestoration (10ms)
Platform modules already initialized, skipping
Refreshing native plugins compatible for Editor in 0.87 ms, found 3 plugins.
Preloading 0 native plugins for Editor in 0.00 ms.
Unloading 3472 Unused Serialized files (Serialized files now loaded: 0)
System memory in use before: 145.7 MB.
System memory in use after: 145.8 MB.

Unloading 22 unused Assets to reduce memory usage. Loaded Objects now: 4030.
Total: 3.673800 ms (FindLiveObjects: 0.308400 ms CreateObjectMapping: 0.091600 ms MarkObjects: 3.135900 ms  DeleteObjects: 0.137000 ms)

AssetImportParameters requested are different than current active one (requested -> active):
  custom:framework-win-MediaFoundation: 216162199b28c13a410421893ffa2e32 -> 
  custom:video-decoder-ogg-theora: a1e56fd34408186e4bbccfd4996cb3dc -> 
  custom:container-muxer-webm: aa71ff27fc2769a1b78a27578f13a17b -> 
  custom:container-demuxer-webm: 4f35f7cbe854078d1ac9338744f61a02 -> 
  custom:container-demuxer-ogg: 62fdf1f143b41e24485cea50d1cbac27 -> 
  custom:video-encoder-webm-vp8: eb34c28f22e8b96e1ab97ce403110664 -> 
  custom:video-decoder-webm-vp8: 9c59270c3fd7afecdb556c50c9e8de78 -> 
  custom:audio-decoder-ogg-vorbis: bf7c407c2cedff20999df2af8eb42d56 -> 
  custom:audio-encoder-webm-vorbis: bf7c407c2cedff20999df2af8eb42d56 -> 
========================================================================
Received Import Request.
  Time since last request: 1822.973275 seconds.
  path: Assets/Scenes/Essential.unity
  artifactKey: Guid(4afba6b2caaefba489b621b8451810d2) Importer(815301076,1909f56bfc062723c751e8b465ee728b)
Start importing Assets/Scenes/Essential.unity using Guid(4afba6b2caaefba489b621b8451810d2) Importer(815301076,1909f56bfc062723c751e8b465ee728b)  -> (artifact id: 'ecf7298aee32ab165b8393fc7708c578') in 0.017565 seconds 
========================================================================
Received Import Request.
  Time since last request: 14.816024 seconds.
  path: Assets/Sprites/time.png
  artifactKey: Guid(8795bbcb393d21e4daeafe5df1123652) Importer(815301076,1909f56bfc062723c751e8b465ee728b)
Start importing Assets/Sprites/time.png using Guid(8795bbcb393d21e4daeafe5df1123652) Importer(815301076,1909f56bfc062723c751e8b465ee728b)  -> (artifact id: '8452c1f1aa03ba61318e1cab061ea093') in 0.062500 seconds 
========================================================================
Received Import Request.
  Time since last request: 0.000142 seconds.
  path: Assets/CHERRY BLOSSOM/1.BUTTON/X_button.png
  artifactKey: Guid(12ec4d6cf0d2dad41b0971a779f710b3) Importer(815301076,1909f56bfc062723c751e8b465ee728b)
Start importing Assets/CHERRY BLOSSOM/1.BUTTON/X_button.png using Guid(12ec4d6cf0d2dad41b0971a779f710b3) Importer(815301076,1909f56bfc062723c751e8b465ee728b)  -> (artifact id: '7c0ab209873ae83db151b57da0b5fc1c') in 0.017397 seconds 
========================================================================
Received Import Request.
  Time since last request: 0.000146 seconds.
  path: Assets/CHERRY BLOSSOM/3.IMAGE/X_image.png
  artifactKey: Guid(be512bea77e264546a816b41bd444a9b) Importer(815301076,1909f56bfc062723c751e8b465ee728b)
Start importing Assets/CHERRY BLOSSOM/3.IMAGE/X_image.png using Guid(be512bea77e264546a816b41bd444a9b) Importer(815301076,1909f56bfc062723c751e8b465ee728b)  -> (artifact id: 'be4c6789d481b13667a864bd73b78d05') in 0.012195 seconds 
========================================================================
Received Import Request.
  Time since last request: 37.949310 seconds.
  path: Assets/Scripts/NPC
  artifactKey: Guid(7f0c8b7803152f74381856eca5eaea3f) Importer(815301076,1909f56bfc062723c751e8b465ee728b)
Start importing Assets/Scripts/NPC using Guid(7f0c8b7803152f74381856eca5eaea3f) Importer(815301076,1909f56bfc062723c751e8b465ee728b)  -> (artifact id: '4405f40e63b385c43efa4451d30a3f1b') in 0.004860 seconds 
========================================================================
Received Import Request.
  Time since last request: 0.741087 seconds.
  path: Assets/Scripts/Player
  artifactKey: Guid(40308933a53f9bf46ae5e909136bf734) Importer(815301076,1909f56bfc062723c751e8b465ee728b)
Start importing Assets/Scripts/Player using Guid(40308933a53f9bf46ae5e909136bf734) Importer(815301076,1909f56bfc062723c751e8b465ee728b)  -> (artifact id: '802f5cb57f4a5275896b25343b4f21c3') in 0.004890 seconds 
========================================================================
Received Import Request.
  Time since last request: 2.676063 seconds.
  path: Assets/Scripts/Inventory
  artifactKey: Guid(a488532ce042a8642a50cda218dd8229) Importer(815301076,1909f56bfc062723c751e8b465ee728b)
Start importing Assets/Scripts/Inventory using Guid(a488532ce042a8642a50cda218dd8229) Importer(815301076,1909f56bfc062723c751e8b465ee728b)  -> (artifact id: '67c042b665e7885a0ca10ffc2971aafa') in 0.005776 seconds 
========================================================================
Received Import Request.
  Time since last request: 4.241017 seconds.
  path: Assets/Sprites/11.png
  artifactKey: Guid(2b5600060b10418498165f8099603e37) Importer(815301076,1909f56bfc062723c751e8b465ee728b)
Start importing Assets/Sprites/11.png using Guid(2b5600060b10418498165f8099603e37) Importer(815301076,1909f56bfc062723c751e8b465ee728b)  -> (artifact id: '283f7211f86a198f647d59c39d9dc9b8') in 0.012469 seconds 
========================================================================
Received Import Request.
  Time since last request: 0.000116 seconds.
  path: Assets/Sprites/experience.png
  artifactKey: Guid(ae9b633f1f1c5c044982c483b2ce0a6f) Importer(815301076,1909f56bfc062723c751e8b465ee728b)
Start importing Assets/Sprites/experience.png using Guid(ae9b633f1f1c5c044982c483b2ce0a6f) Importer(815301076,1909f56bfc062723c751e8b465ee728b)  -> (artifact id: 'd34fc746f27e52a8189257f24d4d0a08') in 0.011754 seconds 
========================================================================
Received Import Request.
  Time since last request: 0.000145 seconds.
  path: Assets/Sprites/CosasArboles.png
  artifactKey: Guid(e66ae979fb0a50040a609554d3499fb6) Importer(815301076,1909f56bfc062723c751e8b465ee728b)
Start importing Assets/Sprites/CosasArboles.png using Guid(e66ae979fb0a50040a609554d3499fb6) Importer(815301076,1909f56bfc062723c751e8b465ee728b)  -> (artifact id: '849ccaa7096b55bec406a9618b6a7108') in 0.050220 seconds 
========================================================================
Received Import Request.
  Time since last request: 0.000106 seconds.
  path: Assets/Sprites/16.png
  artifactKey: Guid(9ab632d839ab17c4b8e4cf9e4bd39879) Importer(815301076,1909f56bfc062723c751e8b465ee728b)
Start importing Assets/Sprites/16.png using Guid(9ab632d839ab17c4b8e4cf9e4bd39879) Importer(815301076,1909f56bfc062723c751e8b465ee728b)  -> (artifact id: '686125febb44821e9a206f437854bd2a') in 0.011050 seconds 
========================================================================
Received Import Request.
  Time since last request: 20.307600 seconds.
  path: Assets/Sprites/time 1.png
  artifactKey: Guid(e7879be615bea3647bb5131f2e408a30) Importer(815301076,1909f56bfc062723c751e8b465ee728b)
Start importing Assets/Sprites/time 1.png using Guid(e7879be615bea3647bb5131f2e408a30) Importer(815301076,1909f56bfc062723c751e8b465ee728b)  -> (artifact id: '77de995fa2c742b0988459ac5dcb9132') in 0.010898 seconds 
========================================================================
Received Import Request.
  Time since last request: 23.249599 seconds.
  path: Assets/Sprites/time 1.png
  artifactKey: Guid(e7879be615bea3647bb5131f2e408a30) Importer(815301076,1909f56bfc062723c751e8b465ee728b)
Start importing Assets/Sprites/time 1.png using Guid(e7879be615bea3647bb5131f2e408a30) Importer(815301076,1909f56bfc062723c751e8b465ee728b)  -> (artifact id: '18ac228af7992df60ae1a39749f19fe2') in 0.007130 seconds 
========================================================================
Received Import Request.
  Time since last request: 13.635469 seconds.
  path: Assets/Sprites/time 1.png
  artifactKey: Guid(e7879be615bea3647bb5131f2e408a30) Importer(815301076,1909f56bfc062723c751e8b465ee728b)
Start importing Assets/Sprites/time 1.png using Guid(e7879be615bea3647bb5131f2e408a30) Importer(815301076,1909f56bfc062723c751e8b465ee728b)  -> (artifact id: '0931b027f82b3bb48aa2699296fefccc') in 0.010635 seconds 
========================================================================
Received Import Request.
  Time since last request: 45.371044 seconds.
  path: Assets/Sprites/time 1.png
  artifactKey: Guid(e7879be615bea3647bb5131f2e408a30) Importer(815301076,1909f56bfc062723c751e8b465ee728b)
Start importing Assets/Sprites/time 1.png using Guid(e7879be615bea3647bb5131f2e408a30) Importer(815301076,1909f56bfc062723c751e8b465ee728b)  -> (artifact id: '8a7494b05ea098e7f4785c4ad2a9296a') in 0.008343 seconds 
========================================================================
Received Prepare
Registering precompiled user dll's ...
Registered in 0.004845 seconds.
Begin MonoManager ReloadAssembly
Native extension for WindowsStandalone target not found
Refreshing native plugins compatible for Editor in 0.77 ms, found 3 plugins.
Preloading 0 native plugins for Editor in 0.00 ms.
Mono: successfully reloaded assembly
- Completed reload, in  0.947 seconds
Domain Reload Profiling:
	ReloadAssembly (947ms)
		BeginReloadAssembly (107ms)
			ExecutionOrderSort (0ms)
			DisableScriptedObjects (5ms)
			BackupInstance (0ms)
			ReleaseScriptingObjects (0ms)
			CreateAndSetChildDomain (36ms)
		EndReloadAssembly (783ms)
			LoadAssemblies (91ms)
			RebuildTransferFunctionScriptingTraits (0ms)
			SetupTypeCache (268ms)
			ReleaseScriptCaches (1ms)
			RebuildScriptCaches (40ms)
			SetupLoadedEditorAssemblies (287ms)
				LogAssemblyErrors (0ms)
				InitializePlatformSupportModulesInManaged (3ms)
				SetLoadedEditorAssemblies (0ms)
				RefreshPlugins (1ms)
				BeforeProcessingInitializeOnLoad (105ms)
				ProcessInitializeOnLoadAttributes (165ms)
				ProcessInitializeOnLoadMethodAttributes (9ms)
				AfterProcessingInitializeOnLoad (4ms)
				EditorAssembliesLoaded (0ms)
			ExecutionOrderSort2 (0ms)
			AwakeInstancesAfterBackupRestoration (11ms)
Platform modules already initialized, skipping
Refreshing native plugins compatible for Editor in 0.76 ms, found 3 plugins.
Preloading 0 native plugins for Editor in 0.00 ms.
Unloading 3472 Unused Serialized files (Serialized files now loaded: 0)
System memory in use before: 148.7 MB.
System memory in use after: 148.8 MB.

Unloading 22 unused Assets to reduce memory usage. Loaded Objects now: 4065.
Total: 3.383600 ms (FindLiveObjects: 0.280800 ms CreateObjectMapping: 0.091300 ms MarkObjects: 2.893000 ms  DeleteObjects: 0.117500 ms)

AssetImportParameters requested are different than current active one (requested -> active):
  custom:framework-win-MediaFoundation: 216162199b28c13a410421893ffa2e32 -> 
  custom:video-decoder-ogg-theora: a1e56fd34408186e4bbccfd4996cb3dc -> 
  custom:container-muxer-webm: aa71ff27fc2769a1b78a27578f13a17b -> 
  custom:container-demuxer-webm: 4f35f7cbe854078d1ac9338744f61a02 -> 
  custom:container-demuxer-ogg: 62fdf1f143b41e24485cea50d1cbac27 -> 
  custom:video-encoder-webm-vp8: eb34c28f22e8b96e1ab97ce403110664 -> 
  custom:video-decoder-webm-vp8: 9c59270c3fd7afecdb556c50c9e8de78 -> 
  custom:audio-decoder-ogg-vorbis: bf7c407c2cedff20999df2af8eb42d56 -> 
  custom:audio-encoder-webm-vorbis: bf7c407c2cedff20999df2af8eb42d56 -> 
AssetImportWorkerClient::OnTransportError - code=2 error=End of file
